<?xml version="1.0" encoding="UTF-8"?>
<!-- Generated by org.testng.reporters.JUnitXMLReporter -->
<testsuite ignored="0" hostname="LAPTOP-VE95T8Q4" failures="0" tests="9" name="Default test" time="46.203" errors="0" timestamp="2022-02-12T19:03:53 IST">
  <testcase classname="com.TestAdactIn.TestNgRunner" name="sign" time="1.963"/>
  <testcase classname="com.TestAdactIn.TestNgRunner" name="logIn" time="2.485"/>
  <testcase classname="com.TestAdactIn.TestNgRunner" name="womens" time="3.034"/>
  <testcase classname="com.TestAdactIn.TestNgRunner" name="quickview" time="0.237"/>
  <testcase classname="com.TestAdactIn.TestNgRunner" name="AddToCart" time="14.075"/>
  <testcase classname="com.TestAdactIn.TestNgRunner" name="checkouts" time="3.874"/>
  <testcase classname="com.TestAdactIn.TestNgRunner" name="chk" time="1.878"/>
  <testcase classname="com.TestAdactIn.TestNgRunner" name="payment" time="2.198"/>
  <testcase classname="com.TestAdactIn.TestNgRunner" name="summary" time="2.952"/>
</testsuite> <!-- Default test -->
