<?xml version="1.0" encoding="UTF-8"?>
<!-- Generated by org.testng.reporters.JUnitXMLReporter -->
<testsuite ignored="4" hostname="LAPTOP-VE95T8Q4" failures="0" tests="5" name="Cloth_Test" time="37.251" errors="0" timestamp="2022-02-12T19:11:10 IST">
  <testcase classname="com.TestAdactIn.TestNgRunner" name="sign" time="2.367"/>
  <testcase classname="com.TestAdactIn.TestNgRunner" name="logIn" time="2.17"/>
  <testcase classname="com.TestAdactIn.TestNgRunner" name="womens" time="4.726"/>
  <testcase classname="com.TestAdactIn.TestNgRunner" name="quickview" time="0.235"/>
  <testcase classname="com.TestAdactIn.TestNgRunner" name="AddToCart" time="17.35"/>
  <testcase classname="com.TestAdactIn.TestNgRunner" name="payment" time="0.0">
    <ignored/>
  </testcase> <!-- payment -->
  <testcase classname="com.TestAdactIn.TestNgRunner" name="chk" time="0.0">
    <ignored/>
  </testcase> <!-- chk -->
  <testcase classname="com.TestAdactIn.TestNgRunner" name="summary" time="0.0">
    <ignored/>
  </testcase> <!-- summary -->
  <testcase classname="com.TestAdactIn.TestNgRunner" name="checkouts" time="0.0">
    <ignored/>
  </testcase> <!-- checkouts -->
</testsuite> <!-- Cloth_Test -->
